{
  "RSpec": {
    "coverage": {
      "/Users/pamelagillig/Desktop/shipit/maasservice/app/controllers/api/v1/companies_controller.rb": {
        "lines": [
          null,
          null,
          1,
          1,
          1,
          1,
          null,
          1,
          1,
          1,
          null,
          null,
          1,
          null,
          null,
          null
        ]
      },
      "/Users/pamelagillig/Desktop/shipit/maasservice/app/controllers/application_controller.rb": {
        "lines": [
          null,
          null,
          1,
          1,
          1,
          null,
          1,
          null,
          1,
          0,
          null,
          null,
          1,
          6,
          null,
          null
        ]
      },
      "/Users/pamelagillig/Desktop/shipit/maasservice/app/controllers/api/v1/contracts_controller.rb": {
        "lines": [
          null,
          null,
          1,
          1,
          1,
          1,
          1,
          null,
          1,
          1,
          1,
          null,
          null,
          1,
          1,
          null,
          null,
          1,
          null,
          1,
          1,
          null,
          null,
          null,
          null
        ]
      },
      "/Users/pamelagillig/Desktop/shipit/maasservice/app/controllers/refresh_controller.rb": {
        "lines": [
          null,
          null,
          1,
          1,
          null,
          1,
          1,
          null,
          null,
          1,
          0,
          null,
          0,
          null,
          null,
          null,
          null,
          0,
          null,
          null
        ]
      },
      "/Users/pamelagillig/Desktop/shipit/maasservice/app/controllers/signin_controller.rb": {
        "lines": [
          null,
          null,
          1,
          1,
          1,
          null,
          1,
          1,
          0,
          0,
          0,
          0,
          null,
          null,
          null,
          0,
          null,
          1,
          null,
          null,
          null,
          1,
          2,
          null,
          null,
          1,
          1,
          1,
          1,
          null,
          null,
          1,
          null,
          1,
          1,
          null,
          null,
          1,
          0,
          null,
          null
        ]
      },
      "/Users/pamelagillig/Desktop/shipit/maasservice/app/controllers/signup_controller.rb": {
        "lines": [
          null,
          null,
          1,
          1,
          2,
          2,
          2,
          2,
          2,
          null,
          2,
          null,
          null,
          null,
          null,
          2,
          null,
          0,
          null,
          null,
          null,
          1,
          null,
          1,
          2,
          null,
          null
        ]
      },
      "/Users/pamelagillig/Desktop/shipit/maasservice/app/controllers/api/v1/turns_controller.rb": {
        "lines": [
          null,
          null,
          1,
          1,
          1,
          1,
          1,
          null,
          1,
          1,
          1,
          null,
          null,
          1,
          1,
          1,
          null,
          null,
          1,
          null,
          1,
          1,
          null,
          null,
          null,
          null
        ]
      },
      "/Users/pamelagillig/Desktop/shipit/maasservice/app/models/company.rb": {
        "lines": [
          null,
          null,
          1,
          1,
          null
        ]
      },
      "/Users/pamelagillig/Desktop/shipit/maasservice/app/models/application_record.rb": {
        "lines": [
          null,
          null,
          1,
          1,
          null
        ]
      },
      "/Users/pamelagillig/Desktop/shipit/maasservice/app/models/contract.rb": {
        "lines": [
          null,
          null,
          1,
          1,
          1,
          null
        ]
      },
      "/Users/pamelagillig/Desktop/shipit/maasservice/app/models/registration.rb": {
        "lines": [
          null,
          null,
          1,
          1,
          1,
          1,
          1,
          null
        ]
      },
      "/Users/pamelagillig/Desktop/shipit/maasservice/app/models/turn.rb": {
        "lines": [
          null,
          null,
          1,
          1,
          1,
          1,
          null,
          1,
          1,
          1,
          1,
          1,
          1,
          3,
          null,
          null,
          null,
          3,
          0,
          0,
          null,
          3,
          null,
          null,
          null,
          1,
          null,
          null
        ]
      },
      "/Users/pamelagillig/Desktop/shipit/maasservice/app/models/user.rb": {
        "lines": [
          null,
          null,
          1,
          1,
          1,
          1,
          1,
          1,
          1,
          null,
          null,
          null,
          null,
          1,
          0,
          null,
          null
        ]
      },
      "/Users/pamelagillig/Desktop/shipit/maasservice/app/controllers/users_controller.rb": {
        "lines": [
          null,
          null,
          0,
          0,
          null,
          0,
          0,
          0,
          0
        ],
        "branches": {
        }
      },
      "/Users/pamelagillig/Desktop/shipit/maasservice/app/controllers/api/v1/registrations_controller.rb": {
        "lines": [
          null,
          null,
          0,
          0,
          0,
          0,
          null,
          0,
          0,
          0,
          0,
          null,
          0,
          0,
          0,
          0,
          0,
          0
        ],
        "branches": {
        }
      }
    },
    "timestamp": 1661986292
  }
}
